[debug] [2023-12-29T21:45:22.904Z] ----------------------------------------------------------------------
[debug] [2023-12-29T21:45:22.906Z] Command:       C:\Program Files\nodejs\node.exe C:\Users\grzeg\AppData\Roaming\npm\node_modules\firebase-tools\lib\bin\firebase.js init hosting:github
[debug] [2023-12-29T21:45:22.906Z] CLI Version:   13.0.2
[debug] [2023-12-29T21:45:22.907Z] Platform:      win32
[debug] [2023-12-29T21:45:22.907Z] Node Version:  v18.14.0
[debug] [2023-12-29T21:45:22.908Z] Time:          Fri Dec 29 2023 22:45:22 GMT+0100 (czas środkowoeuropejski standardowy)
[debug] [2023-12-29T21:45:22.908Z] ----------------------------------------------------------------------
[debug] 
[debug] [2023-12-29T21:45:22.979Z] > command requires scopes: ["email","openid","https://www.googleapis.com/auth/cloudplatformprojects.readonly","https://www.googleapis.com/auth/firebase","https://www.googleapis.com/auth/cloud-platform"]
[debug] [2023-12-29T21:45:22.979Z] > authorizing via signed-in user (dev.grzegorz.eleryk@gmail.com)
[info] 
     ######## #### ########  ######## ########     ###     ######  ########
     ##        ##  ##     ## ##       ##     ##  ##   ##  ##       ##
     ######    ##  ########  ######   ########  #########  ######  ######
     ##        ##  ##    ##  ##       ##     ## ##     ##       ## ##
     ##       #### ##     ## ######## ########  ##     ##  ######  ########

You're about to initialize a Firebase project in this directory:

  C:\Users\grzeg\WebstormProjects\frontendmentor.io\newsletter-sign-up-with-success-message-main

Before we get started, keep in mind:

  * You are initializing within an existing Firebase project directory

